CRITICAL - 2022-02-28 15:14:58 --> The framework needs the following extension(s) installed and loaded: curl, xml.
#0 /var/www/html/univo2022/system/CodeIgniter.php(219): CodeIgniter\Exceptions\FrameworkException::forMissingExtension()
#1 /var/www/html/univo2022/system/CodeIgniter.php(177): CodeIgniter\CodeIgniter->resolvePlatformExtensions()
#2 /var/www/html/univo2022/system/bootstrap.php(146): CodeIgniter\CodeIgniter->initialize()
#3 /var/www/html/univo2022/public/index.php(28): require('/var/www/html/u...')
#4 {main}
CRITICAL - 2022-02-28 15:15:03 --> The framework needs the following extension(s) installed and loaded: curl, xml.
#0 /var/www/html/univo2022/system/CodeIgniter.php(219): CodeIgniter\Exceptions\FrameworkException::forMissingExtension()
#1 /var/www/html/univo2022/system/CodeIgniter.php(177): CodeIgniter\CodeIgniter->resolvePlatformExtensions()
#2 /var/www/html/univo2022/system/bootstrap.php(146): CodeIgniter\CodeIgniter->initialize()
#3 /var/www/html/univo2022/public/index.php(28): require('/var/www/html/u...')
#4 {main}
CRITICAL - 2022-02-28 15:15:05 --> The framework needs the following extension(s) installed and loaded: curl, xml.
#0 /var/www/html/univo2022/system/CodeIgniter.php(219): CodeIgniter\Exceptions\FrameworkException::forMissingExtension()
#1 /var/www/html/univo2022/system/CodeIgniter.php(177): CodeIgniter\CodeIgniter->resolvePlatformExtensions()
#2 /var/www/html/univo2022/system/bootstrap.php(146): CodeIgniter\CodeIgniter->initialize()
#3 /var/www/html/univo2022/public/index.php(28): require('/var/www/html/u...')
#4 {main}
CRITICAL - 2022-02-28 15:15:12 --> The framework needs the following extension(s) installed and loaded: curl, xml.
#0 /var/www/html/univo2022/system/CodeIgniter.php(219): CodeIgniter\Exceptions\FrameworkException::forMissingExtension()
#1 /var/www/html/univo2022/system/CodeIgniter.php(177): CodeIgniter\CodeIgniter->resolvePlatformExtensions()
#2 /var/www/html/univo2022/system/bootstrap.php(146): CodeIgniter\CodeIgniter->initialize()
#3 /var/www/html/univo2022/public/index.php(28): require('/var/www/html/u...')
#4 {main}
CRITICAL - 2022-02-28 15:17:47 --> The framework needs the following extension(s) installed and loaded: curl, xml.
#0 /var/www/html/univo2022/system/CodeIgniter.php(219): CodeIgniter\Exceptions\FrameworkException::forMissingExtension()
#1 /var/www/html/univo2022/system/CodeIgniter.php(177): CodeIgniter\CodeIgniter->resolvePlatformExtensions()
#2 /var/www/html/univo2022/system/bootstrap.php(146): CodeIgniter\CodeIgniter->initialize()
#3 /var/www/html/univo2022/public/index.php(28): require('/var/www/html/u...')
#4 {main}
CRITICAL - 2022-02-28 15:18:19 --> The framework needs the following extension(s) installed and loaded: curl, xml.
#0 /var/www/html/univo2022/system/CodeIgniter.php(219): CodeIgniter\Exceptions\FrameworkException::forMissingExtension()
#1 /var/www/html/univo2022/system/CodeIgniter.php(177): CodeIgniter\CodeIgniter->resolvePlatformExtensions()
#2 /var/www/html/univo2022/system/bootstrap.php(146): CodeIgniter\CodeIgniter->initialize()
#3 /var/www/html/univo2022/public/index.php(28): require('/var/www/html/u...')
#4 {main}
CRITICAL - 2022-02-28 15:18:20 --> The framework needs the following extension(s) installed and loaded: curl, xml.
#0 /var/www/html/univo2022/system/CodeIgniter.php(219): CodeIgniter\Exceptions\FrameworkException::forMissingExtension()
#1 /var/www/html/univo2022/system/CodeIgniter.php(177): CodeIgniter\CodeIgniter->resolvePlatformExtensions()
#2 /var/www/html/univo2022/system/bootstrap.php(146): CodeIgniter\CodeIgniter->initialize()
#3 /var/www/html/univo2022/public/index.php(28): require('/var/www/html/u...')
#4 {main}
CRITICAL - 2022-02-28 15:19:43 --> The framework needs the following extension(s) installed and loaded: curl, xml.
#0 /var/www/html/univo2022/system/CodeIgniter.php(219): CodeIgniter\Exceptions\FrameworkException::forMissingExtension()
#1 /var/www/html/univo2022/system/CodeIgniter.php(177): CodeIgniter\CodeIgniter->resolvePlatformExtensions()
#2 /var/www/html/univo2022/system/bootstrap.php(146): CodeIgniter\CodeIgniter->initialize()
#3 /var/www/html/univo2022/public/index.php(28): require('/var/www/html/u...')
#4 {main}
CRITICAL - 2022-02-28 15:25:04 --> The framework needs the following extension(s) installed and loaded: curl, xml.
#0 /var/www/html/univo2022/system/CodeIgniter.php(219): CodeIgniter\Exceptions\FrameworkException::forMissingExtension()
#1 /var/www/html/univo2022/system/CodeIgniter.php(177): CodeIgniter\CodeIgniter->resolvePlatformExtensions()
#2 /var/www/html/univo2022/system/bootstrap.php(146): CodeIgniter\CodeIgniter->initialize()
#3 /var/www/html/univo2022/public/index.php(28): require('/var/www/html/u...')
#4 {main}
CRITICAL - 2022-02-28 15:25:06 --> The framework needs the following extension(s) installed and loaded: curl, xml.
#0 /var/www/html/univo2022/system/CodeIgniter.php(219): CodeIgniter\Exceptions\FrameworkException::forMissingExtension()
#1 /var/www/html/univo2022/system/CodeIgniter.php(177): CodeIgniter\CodeIgniter->resolvePlatformExtensions()
#2 /var/www/html/univo2022/system/bootstrap.php(146): CodeIgniter\CodeIgniter->initialize()
#3 /var/www/html/univo2022/public/index.php(28): require('/var/www/html/u...')
#4 {main}
CRITICAL - 2022-02-28 15:25:07 --> The framework needs the following extension(s) installed and loaded: curl, xml.
#0 /var/www/html/univo2022/system/CodeIgniter.php(219): CodeIgniter\Exceptions\FrameworkException::forMissingExtension()
#1 /var/www/html/univo2022/system/CodeIgniter.php(177): CodeIgniter\CodeIgniter->resolvePlatformExtensions()
#2 /var/www/html/univo2022/system/bootstrap.php(146): CodeIgniter\CodeIgniter->initialize()
#3 /var/www/html/univo2022/public/index.php(28): require('/var/www/html/u...')
#4 {main}
CRITICAL - 2022-02-28 15:25:07 --> The framework needs the following extension(s) installed and loaded: curl, xml.
#0 /var/www/html/univo2022/system/CodeIgniter.php(219): CodeIgniter\Exceptions\FrameworkException::forMissingExtension()
#1 /var/www/html/univo2022/system/CodeIgniter.php(177): CodeIgniter\CodeIgniter->resolvePlatformExtensions()
#2 /var/www/html/univo2022/system/bootstrap.php(146): CodeIgniter\CodeIgniter->initialize()
#3 /var/www/html/univo2022/public/index.php(28): require('/var/www/html/u...')
#4 {main}
CRITICAL - 2022-02-28 15:25:08 --> The framework needs the following extension(s) installed and loaded: curl, xml.
#0 /var/www/html/univo2022/system/CodeIgniter.php(219): CodeIgniter\Exceptions\FrameworkException::forMissingExtension()
#1 /var/www/html/univo2022/system/CodeIgniter.php(177): CodeIgniter\CodeIgniter->resolvePlatformExtensions()
#2 /var/www/html/univo2022/system/bootstrap.php(146): CodeIgniter\CodeIgniter->initialize()
#3 /var/www/html/univo2022/public/index.php(28): require('/var/www/html/u...')
#4 {main}
CRITICAL - 2022-02-28 15:25:08 --> The framework needs the following extension(s) installed and loaded: curl, xml.
#0 /var/www/html/univo2022/system/CodeIgniter.php(219): CodeIgniter\Exceptions\FrameworkException::forMissingExtension()
#1 /var/www/html/univo2022/system/CodeIgniter.php(177): CodeIgniter\CodeIgniter->resolvePlatformExtensions()
#2 /var/www/html/univo2022/system/bootstrap.php(146): CodeIgniter\CodeIgniter->initialize()
#3 /var/www/html/univo2022/public/index.php(28): require('/var/www/html/u...')
#4 {main}
CRITICAL - 2022-02-28 15:25:08 --> The framework needs the following extension(s) installed and loaded: curl, xml.
#0 /var/www/html/univo2022/system/CodeIgniter.php(219): CodeIgniter\Exceptions\FrameworkException::forMissingExtension()
#1 /var/www/html/univo2022/system/CodeIgniter.php(177): CodeIgniter\CodeIgniter->resolvePlatformExtensions()
#2 /var/www/html/univo2022/system/bootstrap.php(146): CodeIgniter\CodeIgniter->initialize()
#3 /var/www/html/univo2022/public/index.php(28): require('/var/www/html/u...')
#4 {main}
CRITICAL - 2022-02-28 15:25:08 --> The framework needs the following extension(s) installed and loaded: curl, xml.
#0 /var/www/html/univo2022/system/CodeIgniter.php(219): CodeIgniter\Exceptions\FrameworkException::forMissingExtension()
#1 /var/www/html/univo2022/system/CodeIgniter.php(177): CodeIgniter\CodeIgniter->resolvePlatformExtensions()
#2 /var/www/html/univo2022/system/bootstrap.php(146): CodeIgniter\CodeIgniter->initialize()
#3 /var/www/html/univo2022/public/index.php(28): require('/var/www/html/u...')
#4 {main}
CRITICAL - 2022-02-28 15:25:09 --> The framework needs the following extension(s) installed and loaded: curl, xml.
#0 /var/www/html/univo2022/system/CodeIgniter.php(219): CodeIgniter\Exceptions\FrameworkException::forMissingExtension()
#1 /var/www/html/univo2022/system/CodeIgniter.php(177): CodeIgniter\CodeIgniter->resolvePlatformExtensions()
#2 /var/www/html/univo2022/system/bootstrap.php(146): CodeIgniter\CodeIgniter->initialize()
#3 /var/www/html/univo2022/public/index.php(28): require('/var/www/html/u...')
#4 {main}
CRITICAL - 2022-02-28 15:25:09 --> The framework needs the following extension(s) installed and loaded: curl, xml.
#0 /var/www/html/univo2022/system/CodeIgniter.php(219): CodeIgniter\Exceptions\FrameworkException::forMissingExtension()
#1 /var/www/html/univo2022/system/CodeIgniter.php(177): CodeIgniter\CodeIgniter->resolvePlatformExtensions()
#2 /var/www/html/univo2022/system/bootstrap.php(146): CodeIgniter\CodeIgniter->initialize()
#3 /var/www/html/univo2022/public/index.php(28): require('/var/www/html/u...')
#4 {main}
CRITICAL - 2022-02-28 15:25:09 --> The framework needs the following extension(s) installed and loaded: curl, xml.
#0 /var/www/html/univo2022/system/CodeIgniter.php(219): CodeIgniter\Exceptions\FrameworkException::forMissingExtension()
#1 /var/www/html/univo2022/system/CodeIgniter.php(177): CodeIgniter\CodeIgniter->resolvePlatformExtensions()
#2 /var/www/html/univo2022/system/bootstrap.php(146): CodeIgniter\CodeIgniter->initialize()
#3 /var/www/html/univo2022/public/index.php(28): require('/var/www/html/u...')
#4 {main}
CRITICAL - 2022-02-28 15:25:10 --> The framework needs the following extension(s) installed and loaded: curl, xml.
#0 /var/www/html/univo2022/system/CodeIgniter.php(219): CodeIgniter\Exceptions\FrameworkException::forMissingExtension()
#1 /var/www/html/univo2022/system/CodeIgniter.php(177): CodeIgniter\CodeIgniter->resolvePlatformExtensions()
#2 /var/www/html/univo2022/system/bootstrap.php(146): CodeIgniter\CodeIgniter->initialize()
#3 /var/www/html/univo2022/public/index.php(28): require('/var/www/html/u...')
#4 {main}
CRITICAL - 2022-02-28 15:25:10 --> The framework needs the following extension(s) installed and loaded: curl, xml.
#0 /var/www/html/univo2022/system/CodeIgniter.php(219): CodeIgniter\Exceptions\FrameworkException::forMissingExtension()
#1 /var/www/html/univo2022/system/CodeIgniter.php(177): CodeIgniter\CodeIgniter->resolvePlatformExtensions()
#2 /var/www/html/univo2022/system/bootstrap.php(146): CodeIgniter\CodeIgniter->initialize()
#3 /var/www/html/univo2022/public/index.php(28): require('/var/www/html/u...')
#4 {main}
CRITICAL - 2022-02-28 15:25:10 --> The framework needs the following extension(s) installed and loaded: curl, xml.
#0 /var/www/html/univo2022/system/CodeIgniter.php(219): CodeIgniter\Exceptions\FrameworkException::forMissingExtension()
#1 /var/www/html/univo2022/system/CodeIgniter.php(177): CodeIgniter\CodeIgniter->resolvePlatformExtensions()
#2 /var/www/html/univo2022/system/bootstrap.php(146): CodeIgniter\CodeIgniter->initialize()
#3 /var/www/html/univo2022/public/index.php(28): require('/var/www/html/u...')
#4 {main}
CRITICAL - 2022-02-28 15:25:11 --> The framework needs the following extension(s) installed and loaded: curl, xml.
#0 /var/www/html/univo2022/system/CodeIgniter.php(219): CodeIgniter\Exceptions\FrameworkException::forMissingExtension()
#1 /var/www/html/univo2022/system/CodeIgniter.php(177): CodeIgniter\CodeIgniter->resolvePlatformExtensions()
#2 /var/www/html/univo2022/system/bootstrap.php(146): CodeIgniter\CodeIgniter->initialize()
#3 /var/www/html/univo2022/public/index.php(28): require('/var/www/html/u...')
#4 {main}
CRITICAL - 2022-02-28 15:25:11 --> The framework needs the following extension(s) installed and loaded: curl, xml.
#0 /var/www/html/univo2022/system/CodeIgniter.php(219): CodeIgniter\Exceptions\FrameworkException::forMissingExtension()
#1 /var/www/html/univo2022/system/CodeIgniter.php(177): CodeIgniter\CodeIgniter->resolvePlatformExtensions()
#2 /var/www/html/univo2022/system/bootstrap.php(146): CodeIgniter\CodeIgniter->initialize()
#3 /var/www/html/univo2022/public/index.php(28): require('/var/www/html/u...')
#4 {main}
CRITICAL - 2022-02-28 15:25:11 --> The framework needs the following extension(s) installed and loaded: curl, xml.
#0 /var/www/html/univo2022/system/CodeIgniter.php(219): CodeIgniter\Exceptions\FrameworkException::forMissingExtension()
#1 /var/www/html/univo2022/system/CodeIgniter.php(177): CodeIgniter\CodeIgniter->resolvePlatformExtensions()
#2 /var/www/html/univo2022/system/bootstrap.php(146): CodeIgniter\CodeIgniter->initialize()
#3 /var/www/html/univo2022/public/index.php(28): require('/var/www/html/u...')
#4 {main}
CRITICAL - 2022-02-28 15:25:12 --> The framework needs the following extension(s) installed and loaded: curl, xml.
#0 /var/www/html/univo2022/system/CodeIgniter.php(219): CodeIgniter\Exceptions\FrameworkException::forMissingExtension()
#1 /var/www/html/univo2022/system/CodeIgniter.php(177): CodeIgniter\CodeIgniter->resolvePlatformExtensions()
#2 /var/www/html/univo2022/system/bootstrap.php(146): CodeIgniter\CodeIgniter->initialize()
#3 /var/www/html/univo2022/public/index.php(28): require('/var/www/html/u...')
#4 {main}
CRITICAL - 2022-02-28 15:37:36 --> The framework needs the following extension(s) installed and loaded: curl, xml.
#0 /var/www/html/univo2022/system/CodeIgniter.php(219): CodeIgniter\Exceptions\FrameworkException::forMissingExtension()
#1 /var/www/html/univo2022/system/CodeIgniter.php(177): CodeIgniter\CodeIgniter->resolvePlatformExtensions()
#2 /var/www/html/univo2022/system/bootstrap.php(146): CodeIgniter\CodeIgniter->initialize()
#3 /var/www/html/univo2022/public/index.php(28): require('/var/www/html/u...')
#4 {main}
CRITICAL - 2022-02-28 15:37:41 --> The framework needs the following extension(s) installed and loaded: curl, xml.
#0 /var/www/html/univo2022/system/CodeIgniter.php(219): CodeIgniter\Exceptions\FrameworkException::forMissingExtension()
#1 /var/www/html/univo2022/system/CodeIgniter.php(177): CodeIgniter\CodeIgniter->resolvePlatformExtensions()
#2 /var/www/html/univo2022/system/bootstrap.php(146): CodeIgniter\CodeIgniter->initialize()
#3 /var/www/html/univo2022/public/index.php(28): require('/var/www/html/u...')
#4 {main}
